2019-12-15 04:15:29.766  INFO 8596 --- [main] com.pekochu.lynx.Application             : Starting Application on Predator with PID 8596 (C:\Users\luisx\MyGit\lynx_chloe_bot\target\classes started by luisx in C:\Users\luisx\MyGit\lynx_chloe_bot)
2019-12-15 04:15:29.770  INFO 8596 --- [main] com.pekochu.lynx.Application             : The following profiles are active: development
2019-12-15 04:15:31.393  INFO 8596 --- [main] o.s.b.w.embedded.tomcat.TomcatWebServer  : Tomcat initialized with port(s): 5000 (http)
2019-12-15 04:15:31.426  INFO 8596 --- [main] o.apache.catalina.core.StandardService   : Starting service [Tomcat]
2019-12-15 04:15:31.427  INFO 8596 --- [main] org.apache.catalina.core.StandardEngine  : Starting Servlet engine: [Apache Tomcat/9.0.24]
2019-12-15 04:15:31.580  INFO 8596 --- [main] o.a.c.c.C.[Tomcat].[localhost].[/]       : Initializing Spring embedded WebApplicationContext
2019-12-15 04:15:31.580  INFO 8596 --- [main] o.s.web.context.ContextLoader            : Root WebApplicationContext: initialization completed in 1758 ms
2019-12-15 04:15:31.796  INFO 8596 --- [main] o.s.s.concurrent.ThreadPoolTaskExecutor  : Initializing ExecutorService 'applicationTaskExecutor'
2019-12-15 04:15:31.986  INFO 8596 --- [main] o.s.b.w.embedded.tomcat.TomcatWebServer  : Tomcat started on port(s): 5000 (http) with context path ''
2019-12-15 04:15:31.991  INFO 8596 --- [main] com.pekochu.lynx.Application             : Started Application in 2.674 seconds (JVM running for 3.132)
2019-12-15 04:15:31.995  INFO 8596 --- [main] com.pekochu.lynx.Application             : Alessandra Bot Server initiated
2019-12-15 04:24:34.320  INFO 6208 --- [main] com.pekochu.lynx.Application             : Starting Application on Predator with PID 6208 (C:\Users\luisx\MyGit\lynx_chloe_bot\target\classes started by luisx in C:\Users\luisx\MyGit\lynx_chloe_bot)
2019-12-15 04:24:34.324  INFO 6208 --- [main] com.pekochu.lynx.Application             : The following profiles are active: development
2019-12-15 04:24:36.051  INFO 6208 --- [main] o.s.b.w.embedded.tomcat.TomcatWebServer  : Tomcat initialized with port(s): 5000 (http)
2019-12-15 04:24:36.081  INFO 6208 --- [main] o.apache.catalina.core.StandardService   : Starting service [Tomcat]
2019-12-15 04:24:36.082  INFO 6208 --- [main] org.apache.catalina.core.StandardEngine  : Starting Servlet engine: [Apache Tomcat/9.0.24]
2019-12-15 04:24:36.237  INFO 6208 --- [main] o.a.c.c.C.[Tomcat].[localhost].[/]       : Initializing Spring embedded WebApplicationContext
2019-12-15 04:24:36.237  INFO 6208 --- [main] o.s.web.context.ContextLoader            : Root WebApplicationContext: initialization completed in 1865 ms
2019-12-15 04:24:36.473  INFO 6208 --- [main] o.s.s.concurrent.ThreadPoolTaskExecutor  : Initializing ExecutorService 'applicationTaskExecutor'
2019-12-15 04:24:36.658  INFO 6208 --- [main] o.s.b.w.embedded.tomcat.TomcatWebServer  : Tomcat started on port(s): 5000 (http) with context path ''
2019-12-15 04:24:36.663  INFO 6208 --- [main] com.pekochu.lynx.Application             : Started Application in 2.791 seconds (JVM running for 3.255)
2019-12-15 04:24:36.667  INFO 6208 --- [main] com.pekochu.lynx.Application             : Alessandra Bot Server initiated
2019-12-15 04:25:02.187  INFO 640 --- [main] com.pekochu.lynx.Application             : Starting Application on Predator with PID 640 (C:\Users\luisx\MyGit\lynx_chloe_bot\target\classes started by luisx in C:\Users\luisx\MyGit\lynx_chloe_bot)
2019-12-15 04:25:02.190  INFO 640 --- [main] com.pekochu.lynx.Application             : The following profiles are active: development
2019-12-15 04:25:03.796  INFO 640 --- [main] o.s.b.w.embedded.tomcat.TomcatWebServer  : Tomcat initialized with port(s): 5000 (http)
2019-12-15 04:25:03.827  INFO 640 --- [main] o.apache.catalina.core.StandardService   : Starting service [Tomcat]
2019-12-15 04:25:03.828  INFO 640 --- [main] org.apache.catalina.core.StandardEngine  : Starting Servlet engine: [Apache Tomcat/9.0.24]
2019-12-15 04:25:03.974  INFO 640 --- [main] o.a.c.c.C.[Tomcat].[localhost].[/]       : Initializing Spring embedded WebApplicationContext
2019-12-15 04:25:03.975  INFO 640 --- [main] o.s.web.context.ContextLoader            : Root WebApplicationContext: initialization completed in 1739 ms
2019-12-15 04:25:04.243  INFO 640 --- [main] o.s.s.concurrent.ThreadPoolTaskExecutor  : Initializing ExecutorService 'applicationTaskExecutor'
2019-12-15 04:25:04.423  INFO 640 --- [main] o.s.b.w.embedded.tomcat.TomcatWebServer  : Tomcat started on port(s): 5000 (http) with context path ''
2019-12-15 04:25:04.428  INFO 640 --- [main] com.pekochu.lynx.Application             : Started Application in 2.673 seconds (JVM running for 3.087)
2019-12-15 04:25:04.432  INFO 640 --- [main] com.pekochu.lynx.Application             : Alessandra Bot Server initiated
2019-12-15 04:26:47.671  INFO 5676 --- [main] com.pekochu.lynx.Application             : Starting Application on Predator with PID 5676 (C:\Users\luisx\MyGit\lynx_chloe_bot\target\classes started by luisx in C:\Users\luisx\MyGit\lynx_chloe_bot)
2019-12-15 04:26:47.674  INFO 5676 --- [main] com.pekochu.lynx.Application             : The following profiles are active: development
2019-12-15 04:26:49.272  INFO 5676 --- [main] o.s.b.w.embedded.tomcat.TomcatWebServer  : Tomcat initialized with port(s): 5000 (http)
2019-12-15 04:26:49.302  INFO 5676 --- [main] o.apache.catalina.core.StandardService   : Starting service [Tomcat]
2019-12-15 04:26:49.302  INFO 5676 --- [main] org.apache.catalina.core.StandardEngine  : Starting Servlet engine: [Apache Tomcat/9.0.24]
2019-12-15 04:26:49.451  INFO 5676 --- [main] o.a.c.c.C.[Tomcat].[localhost].[/]       : Initializing Spring embedded WebApplicationContext
2019-12-15 04:26:49.452  INFO 5676 --- [main] o.s.web.context.ContextLoader            : Root WebApplicationContext: initialization completed in 1728 ms
2019-12-15 04:26:49.695  INFO 5676 --- [main] o.s.s.concurrent.ThreadPoolTaskExecutor  : Initializing ExecutorService 'applicationTaskExecutor'
2019-12-15 04:26:49.882  INFO 5676 --- [main] o.s.b.w.embedded.tomcat.TomcatWebServer  : Tomcat started on port(s): 5000 (http) with context path ''
2019-12-15 04:26:49.887  INFO 5676 --- [main] com.pekochu.lynx.Application             : Started Application in 2.697 seconds (JVM running for 3.135)
2019-12-15 04:26:49.889  INFO 5676 --- [main] com.pekochu.lynx.Application             : Alessandra Bot Server initiated
2019-12-15 04:34:58.815  INFO 10008 --- [main] com.pekochu.lynx.Application             : Starting Application on Predator with PID 10008 (C:\Users\luisx\MyGit\lynx_chloe_bot\target\classes started by luisx in C:\Users\luisx\MyGit\lynx_chloe_bot)
2019-12-15 04:34:58.818  INFO 10008 --- [main] com.pekochu.lynx.Application             : The following profiles are active: development
2019-12-15 04:35:00.386  INFO 10008 --- [main] o.s.b.w.embedded.tomcat.TomcatWebServer  : Tomcat initialized with port(s): 5000 (http)
2019-12-15 04:35:00.416  INFO 10008 --- [main] o.apache.catalina.core.StandardService   : Starting service [Tomcat]
2019-12-15 04:35:00.416  INFO 10008 --- [main] org.apache.catalina.core.StandardEngine  : Starting Servlet engine: [Apache Tomcat/9.0.24]
2019-12-15 04:35:00.580  INFO 10008 --- [main] o.a.c.c.C.[Tomcat].[localhost].[/]       : Initializing Spring embedded WebApplicationContext
2019-12-15 04:35:00.580  INFO 10008 --- [main] o.s.web.context.ContextLoader            : Root WebApplicationContext: initialization completed in 1712 ms
2019-12-15 04:35:00.814  INFO 10008 --- [main] o.s.s.concurrent.ThreadPoolTaskExecutor  : Initializing ExecutorService 'applicationTaskExecutor'
2019-12-15 04:35:01.034  INFO 10008 --- [main] o.s.b.w.embedded.tomcat.TomcatWebServer  : Tomcat started on port(s): 5000 (http) with context path ''
2019-12-15 04:35:01.040  INFO 10008 --- [main] com.pekochu.lynx.Application             : Started Application in 2.682 seconds (JVM running for 3.118)
2019-12-15 04:35:01.045  INFO 10008 --- [main] com.pekochu.lynx.Application             : Alessandra Bot Server initiated
2019-12-15 04:35:02.228 ERROR 10008 --- [main] com.pekochu.lynx.Application             : Error removing old webhook

org.telegram.telegrambots.meta.exceptions.TelegramApiRequestException: Error removing old webhook
	at org.telegram.telegrambots.util.WebhookUtils.clearWebhook(WebhookUtils.java:79) ~[telegrambots-4.4.0.1.jar:na]
	at org.telegram.telegrambots.bots.TelegramLongPollingBot.clearWebhook(TelegramLongPollingBot.java:25) ~[telegrambots-4.4.0.1.jar:na]
	at org.telegram.telegrambots.meta.TelegramBotsApi.registerBot(TelegramBotsApi.java:120) ~[telegrambots-meta-4.4.0.1.jar:na]
	at com.pekochu.lynx.Application.main(Application.java:24) ~[classes/:na]
Caused by: org.telegram.telegrambots.meta.exceptions.TelegramApiRequestException: Error deleting webhook
	at org.telegram.telegrambots.meta.api.methods.updates.DeleteWebhook.deserializeResponse(DeleteWebhook.java:39) ~[telegrambots-meta-4.4.0.1.jar:na]
	at org.telegram.telegrambots.meta.api.methods.updates.DeleteWebhook.deserializeResponse(DeleteWebhook.java:18) ~[telegrambots-meta-4.4.0.1.jar:na]
	at org.telegram.telegrambots.bots.DefaultAbsSender.sendApiMethod(DefaultAbsSender.java:715) ~[telegrambots-4.4.0.1.jar:na]
	at org.telegram.telegrambots.meta.bots.AbsSender.execute(AbsSender.java:47) ~[telegrambots-meta-4.4.0.1.jar:na]
	at org.telegram.telegrambots.util.WebhookUtils.clearWebhook(WebhookUtils.java:74) ~[telegrambots-4.4.0.1.jar:na]
	... 3 common frames omitted

2019-12-15 04:39:18.772  INFO 12268 --- [main] com.pekochu.lynx.Application             : Starting Application on Predator with PID 12268 (C:\Users\luisx\MyGit\lynx_chloe_bot\target\classes started by luisx in C:\Users\luisx\MyGit\lynx_chloe_bot)
2019-12-15 04:39:18.778  INFO 12268 --- [main] com.pekochu.lynx.Application             : The following profiles are active: development
2019-12-15 04:39:20.543  INFO 12268 --- [main] o.s.b.w.embedded.tomcat.TomcatWebServer  : Tomcat initialized with port(s): 29170 (http)
2019-12-15 04:39:20.574  INFO 12268 --- [main] o.apache.catalina.core.StandardService   : Starting service [Tomcat]
2019-12-15 04:39:20.575  INFO 12268 --- [main] org.apache.catalina.core.StandardEngine  : Starting Servlet engine: [Apache Tomcat/9.0.24]
2019-12-15 04:39:20.739  INFO 12268 --- [main] o.a.c.c.C.[Tomcat].[localhost].[/]       : Initializing Spring embedded WebApplicationContext
2019-12-15 04:39:20.739  INFO 12268 --- [main] o.s.web.context.ContextLoader            : Root WebApplicationContext: initialization completed in 1897 ms
2019-12-15 04:39:20.997  INFO 12268 --- [main] o.s.s.concurrent.ThreadPoolTaskExecutor  : Initializing ExecutorService 'applicationTaskExecutor'
2019-12-15 04:39:21.209  INFO 12268 --- [main] o.s.b.w.embedded.tomcat.TomcatWebServer  : Tomcat started on port(s): 29170 (http) with context path ''
2019-12-15 04:39:21.215  INFO 12268 --- [main] com.pekochu.lynx.Application             : Started Application in 2.993 seconds (JVM running for 3.582)
2019-12-15 04:39:21.219  INFO 12268 --- [main] com.pekochu.lynx.Application             : Alessandra Bot Server initiated
2019-12-15 04:39:22.562 ERROR 12268 --- [main] com.pekochu.lynx.Application             : Error removing old webhook

org.telegram.telegrambots.meta.exceptions.TelegramApiRequestException: Error removing old webhook
	at org.telegram.telegrambots.util.WebhookUtils.clearWebhook(WebhookUtils.java:79) ~[telegrambots-4.4.0.1.jar:na]
	at org.telegram.telegrambots.bots.TelegramLongPollingBot.clearWebhook(TelegramLongPollingBot.java:25) ~[telegrambots-4.4.0.1.jar:na]
	at org.telegram.telegrambots.meta.TelegramBotsApi.registerBot(TelegramBotsApi.java:120) ~[telegrambots-meta-4.4.0.1.jar:na]
	at com.pekochu.lynx.Application.main(Application.java:24) ~[classes/:na]
Caused by: org.telegram.telegrambots.meta.exceptions.TelegramApiRequestException: Error deleting webhook
	at org.telegram.telegrambots.meta.api.methods.updates.DeleteWebhook.deserializeResponse(DeleteWebhook.java:39) ~[telegrambots-meta-4.4.0.1.jar:na]
	at org.telegram.telegrambots.meta.api.methods.updates.DeleteWebhook.deserializeResponse(DeleteWebhook.java:18) ~[telegrambots-meta-4.4.0.1.jar:na]
	at org.telegram.telegrambots.bots.DefaultAbsSender.sendApiMethod(DefaultAbsSender.java:715) ~[telegrambots-4.4.0.1.jar:na]
	at org.telegram.telegrambots.meta.bots.AbsSender.execute(AbsSender.java:47) ~[telegrambots-meta-4.4.0.1.jar:na]
	at org.telegram.telegrambots.util.WebhookUtils.clearWebhook(WebhookUtils.java:74) ~[telegrambots-4.4.0.1.jar:na]
	... 3 common frames omitted

2019-12-15 04:39:34.798  INFO 12268 --- [Thread-2] o.s.s.concurrent.ThreadPoolTaskExecutor  : Shutting down ExecutorService 'applicationTaskExecutor'
2019-12-15 04:39:37.043  INFO 20060 --- [main] com.pekochu.lynx.Application             : Starting Application on Predator with PID 20060 (C:\Users\luisx\MyGit\lynx_chloe_bot\target\classes started by luisx in C:\Users\luisx\MyGit\lynx_chloe_bot)
2019-12-15 04:39:37.047  INFO 20060 --- [main] com.pekochu.lynx.Application             : The following profiles are active: development
2019-12-15 04:39:38.702  INFO 20060 --- [main] o.s.b.w.embedded.tomcat.TomcatWebServer  : Tomcat initialized with port(s): 29170 (http)
2019-12-15 04:39:38.731  INFO 20060 --- [main] o.apache.catalina.core.StandardService   : Starting service [Tomcat]
2019-12-15 04:39:38.732  INFO 20060 --- [main] org.apache.catalina.core.StandardEngine  : Starting Servlet engine: [Apache Tomcat/9.0.24]
2019-12-15 04:39:38.874  INFO 20060 --- [main] o.a.c.c.C.[Tomcat].[localhost].[/]       : Initializing Spring embedded WebApplicationContext
2019-12-15 04:39:38.875  INFO 20060 --- [main] o.s.web.context.ContextLoader            : Root WebApplicationContext: initialization completed in 1780 ms
2019-12-15 04:39:39.116  INFO 20060 --- [main] o.s.s.concurrent.ThreadPoolTaskExecutor  : Initializing ExecutorService 'applicationTaskExecutor'
2019-12-15 04:39:39.306  INFO 20060 --- [main] o.s.b.w.embedded.tomcat.TomcatWebServer  : Tomcat started on port(s): 29170 (http) with context path ''
2019-12-15 04:39:39.311  INFO 20060 --- [main] com.pekochu.lynx.Application             : Started Application in 2.703 seconds (JVM running for 3.154)
2019-12-15 04:39:39.315  INFO 20060 --- [main] com.pekochu.lynx.Application             : Alessandra Bot Server initiated
2019-12-15 04:39:40.501 ERROR 20060 --- [main] com.pekochu.lynx.Application             : Error removing old webhook

org.telegram.telegrambots.meta.exceptions.TelegramApiRequestException: Error removing old webhook
	at org.telegram.telegrambots.util.WebhookUtils.clearWebhook(WebhookUtils.java:79) ~[telegrambots-4.4.0.1.jar:na]
	at org.telegram.telegrambots.bots.TelegramLongPollingBot.clearWebhook(TelegramLongPollingBot.java:25) ~[telegrambots-4.4.0.1.jar:na]
	at org.telegram.telegrambots.meta.TelegramBotsApi.registerBot(TelegramBotsApi.java:120) ~[telegrambots-meta-4.4.0.1.jar:na]
	at com.pekochu.lynx.Application.main(Application.java:24) ~[classes/:na]
Caused by: org.telegram.telegrambots.meta.exceptions.TelegramApiRequestException: Error deleting webhook
	at org.telegram.telegrambots.meta.api.methods.updates.DeleteWebhook.deserializeResponse(DeleteWebhook.java:39) ~[telegrambots-meta-4.4.0.1.jar:na]
	at org.telegram.telegrambots.meta.api.methods.updates.DeleteWebhook.deserializeResponse(DeleteWebhook.java:18) ~[telegrambots-meta-4.4.0.1.jar:na]
	at org.telegram.telegrambots.bots.DefaultAbsSender.sendApiMethod(DefaultAbsSender.java:715) ~[telegrambots-4.4.0.1.jar:na]
	at org.telegram.telegrambots.meta.bots.AbsSender.execute(AbsSender.java:47) ~[telegrambots-meta-4.4.0.1.jar:na]
	at org.telegram.telegrambots.util.WebhookUtils.clearWebhook(WebhookUtils.java:74) ~[telegrambots-4.4.0.1.jar:na]
	... 3 common frames omitted

2019-12-15 04:39:56.223  INFO 23280 --- [main] com.pekochu.lynx.Application             : Starting Application on Predator with PID 23280 (C:\Users\luisx\MyGit\lynx_chloe_bot\target\classes started by luisx in C:\Users\luisx\MyGit\lynx_chloe_bot)
2019-12-15 04:39:56.227  INFO 23280 --- [main] com.pekochu.lynx.Application             : The following profiles are active: development
2019-12-15 04:39:57.814  INFO 23280 --- [main] o.s.b.w.embedded.tomcat.TomcatWebServer  : Tomcat initialized with port(s): 29170 (http)
2019-12-15 04:39:57.842  INFO 23280 --- [main] o.apache.catalina.core.StandardService   : Starting service [Tomcat]
2019-12-15 04:39:57.843  INFO 23280 --- [main] org.apache.catalina.core.StandardEngine  : Starting Servlet engine: [Apache Tomcat/9.0.24]
2019-12-15 04:39:57.985  INFO 23280 --- [main] o.a.c.c.C.[Tomcat].[localhost].[/]       : Initializing Spring embedded WebApplicationContext
2019-12-15 04:39:57.986  INFO 23280 --- [main] o.s.web.context.ContextLoader            : Root WebApplicationContext: initialization completed in 1703 ms
2019-12-15 04:39:58.219  INFO 23280 --- [main] o.s.s.concurrent.ThreadPoolTaskExecutor  : Initializing ExecutorService 'applicationTaskExecutor'
2019-12-15 04:39:58.394  INFO 23280 --- [main] o.s.b.w.embedded.tomcat.TomcatWebServer  : Tomcat started on port(s): 29170 (http) with context path ''
2019-12-15 04:39:58.398  INFO 23280 --- [main] com.pekochu.lynx.Application             : Started Application in 2.629 seconds (JVM running for 3.135)
2019-12-15 04:39:58.400  INFO 23280 --- [main] com.pekochu.lynx.Application             : Alessandra Bot Server initiated
2019-12-15 04:39:59.618 ERROR 23280 --- [main] com.pekochu.lynx.Application             : Error removing old webhook

org.telegram.telegrambots.meta.exceptions.TelegramApiRequestException: Error removing old webhook
	at org.telegram.telegrambots.util.WebhookUtils.clearWebhook(WebhookUtils.java:79) ~[telegrambots-4.4.0.1.jar:na]
	at org.telegram.telegrambots.bots.TelegramLongPollingBot.clearWebhook(TelegramLongPollingBot.java:25) ~[telegrambots-4.4.0.1.jar:na]
	at org.telegram.telegrambots.meta.TelegramBotsApi.registerBot(TelegramBotsApi.java:120) ~[telegrambots-meta-4.4.0.1.jar:na]
	at com.pekochu.lynx.Application.main(Application.java:24) ~[classes/:na]
Caused by: org.telegram.telegrambots.meta.exceptions.TelegramApiRequestException: Error deleting webhook
	at org.telegram.telegrambots.meta.api.methods.updates.DeleteWebhook.deserializeResponse(DeleteWebhook.java:39) ~[telegrambots-meta-4.4.0.1.jar:na]
	at org.telegram.telegrambots.meta.api.methods.updates.DeleteWebhook.deserializeResponse(DeleteWebhook.java:18) ~[telegrambots-meta-4.4.0.1.jar:na]
	at org.telegram.telegrambots.bots.DefaultAbsSender.sendApiMethod(DefaultAbsSender.java:715) ~[telegrambots-4.4.0.1.jar:na]
	at org.telegram.telegrambots.meta.bots.AbsSender.execute(AbsSender.java:47) ~[telegrambots-meta-4.4.0.1.jar:na]
	at org.telegram.telegrambots.util.WebhookUtils.clearWebhook(WebhookUtils.java:74) ~[telegrambots-4.4.0.1.jar:na]
	... 3 common frames omitted

2019-12-15 04:40:10.526  INFO 23280 --- [http-nio-29170-exec-1] o.a.c.c.C.[Tomcat].[localhost].[/]       : Initializing Spring DispatcherServlet 'dispatcherServlet'
2019-12-15 04:40:10.527  INFO 23280 --- [http-nio-29170-exec-1] o.s.web.servlet.DispatcherServlet        : Initializing Servlet 'dispatcherServlet'
2019-12-15 04:40:10.536  INFO 23280 --- [http-nio-29170-exec-1] o.s.web.servlet.DispatcherServlet        : Completed initialization in 8 ms
2019-12-15 04:41:37.901  INFO 12024 --- [main] com.pekochu.lynx.Application             : Starting Application on Predator with PID 12024 (C:\Users\luisx\MyGit\lynx_chloe_bot\target\classes started by luisx in C:\Users\luisx\MyGit\lynx_chloe_bot)
2019-12-15 04:41:37.905  INFO 12024 --- [main] com.pekochu.lynx.Application             : The following profiles are active: development
2019-12-15 04:41:39.528  INFO 12024 --- [main] o.s.b.w.embedded.tomcat.TomcatWebServer  : Tomcat initialized with port(s): 29170 (http)
2019-12-15 04:41:39.556  INFO 12024 --- [main] o.apache.catalina.core.StandardService   : Starting service [Tomcat]
2019-12-15 04:41:39.556  INFO 12024 --- [main] org.apache.catalina.core.StandardEngine  : Starting Servlet engine: [Apache Tomcat/9.0.24]
2019-12-15 04:41:39.697  INFO 12024 --- [main] o.a.c.c.C.[Tomcat].[localhost].[/]       : Initializing Spring embedded WebApplicationContext
2019-12-15 04:41:39.698  INFO 12024 --- [main] o.s.web.context.ContextLoader            : Root WebApplicationContext: initialization completed in 1745 ms
2019-12-15 04:41:39.923  INFO 12024 --- [main] o.s.s.concurrent.ThreadPoolTaskExecutor  : Initializing ExecutorService 'applicationTaskExecutor'
2019-12-15 04:41:40.101  INFO 12024 --- [main] o.s.b.w.embedded.tomcat.TomcatWebServer  : Tomcat started on port(s): 29170 (http) with context path ''
2019-12-15 04:41:40.106  INFO 12024 --- [main] com.pekochu.lynx.Application             : Started Application in 2.656 seconds (JVM running for 3.091)
2019-12-15 04:41:40.110  INFO 12024 --- [main] com.pekochu.lynx.Application             : Alessandra Bot Server initiated
2019-12-15 04:41:41.769 ERROR 12024 --- [main] com.pekochu.lynx.Application             : Error removing old webhook

org.telegram.telegrambots.meta.exceptions.TelegramApiRequestException: Error removing old webhook
	at org.telegram.telegrambots.util.WebhookUtils.clearWebhook(WebhookUtils.java:79) ~[telegrambots-4.4.0.1.jar:na]
	at org.telegram.telegrambots.bots.TelegramLongPollingBot.clearWebhook(TelegramLongPollingBot.java:25) ~[telegrambots-4.4.0.1.jar:na]
	at org.telegram.telegrambots.meta.TelegramBotsApi.registerBot(TelegramBotsApi.java:120) ~[telegrambots-meta-4.4.0.1.jar:na]
	at com.pekochu.lynx.Application.main(Application.java:24) ~[classes/:na]
Caused by: org.telegram.telegrambots.meta.exceptions.TelegramApiRequestException: Error deleting webhook
	at org.telegram.telegrambots.meta.api.methods.updates.DeleteWebhook.deserializeResponse(DeleteWebhook.java:39) ~[telegrambots-meta-4.4.0.1.jar:na]
	at org.telegram.telegrambots.meta.api.methods.updates.DeleteWebhook.deserializeResponse(DeleteWebhook.java:18) ~[telegrambots-meta-4.4.0.1.jar:na]
	at org.telegram.telegrambots.bots.DefaultAbsSender.sendApiMethod(DefaultAbsSender.java:715) ~[telegrambots-4.4.0.1.jar:na]
	at org.telegram.telegrambots.meta.bots.AbsSender.execute(AbsSender.java:47) ~[telegrambots-meta-4.4.0.1.jar:na]
	at org.telegram.telegrambots.util.WebhookUtils.clearWebhook(WebhookUtils.java:74) ~[telegrambots-4.4.0.1.jar:na]
	... 3 common frames omitted

2019-12-15 04:41:43.176  INFO 12024 --- [http-nio-29170-exec-1] o.a.c.c.C.[Tomcat].[localhost].[/]       : Initializing Spring DispatcherServlet 'dispatcherServlet'
2019-12-15 04:41:43.178  INFO 12024 --- [http-nio-29170-exec-1] o.s.web.servlet.DispatcherServlet        : Initializing Servlet 'dispatcherServlet'
2019-12-15 04:41:43.186  INFO 12024 --- [http-nio-29170-exec-1] o.s.web.servlet.DispatcherServlet        : Completed initialization in 7 ms
2019-12-15 04:41:43.220  INFO 12024 --- [http-nio-29170-exec-1] com.pekochu.lynx.web.Home                : Home called
2019-12-15 04:41:44.632  INFO 12024 --- [http-nio-29170-exec-3] com.pekochu.lynx.web.Home                : Home called
2019-12-15 04:41:44.995  INFO 12024 --- [http-nio-29170-exec-5] com.pekochu.lynx.web.Home                : Home called
2019-12-15 04:41:45.155  INFO 12024 --- [http-nio-29170-exec-7] com.pekochu.lynx.web.Home                : Home called
2019-12-15 04:41:45.311  INFO 12024 --- [http-nio-29170-exec-9] com.pekochu.lynx.web.Home                : Home called
2019-12-15 04:41:45.481  INFO 12024 --- [http-nio-29170-exec-1] com.pekochu.lynx.web.Home                : Home called
2019-12-15 04:41:48.903  WARN 12024 --- [http-nio-29170-exec-3] com.pekochu.lynx.web.controllers.Error   : Error handler has been called
2019-12-15 04:44:07.589  INFO 20096 --- [main] com.pekochu.lynx.Application             : Starting Application on Predator with PID 20096 (C:\Users\luisx\MyGit\lynx_chloe_bot\target\classes started by luisx in C:\Users\luisx\MyGit\lynx_chloe_bot)
2019-12-15 04:44:07.593  INFO 20096 --- [main] com.pekochu.lynx.Application             : The following profiles are active: development
2019-12-15 04:44:09.280  INFO 20096 --- [main] o.s.b.w.embedded.tomcat.TomcatWebServer  : Tomcat initialized with port(s): 29170 (http)
2019-12-15 04:44:09.318  INFO 20096 --- [main] o.apache.catalina.core.StandardService   : Starting service [Tomcat]
2019-12-15 04:44:09.319  INFO 20096 --- [main] org.apache.catalina.core.StandardEngine  : Starting Servlet engine: [Apache Tomcat/9.0.24]
2019-12-15 04:44:09.468  INFO 20096 --- [main] o.a.c.c.C.[Tomcat].[localhost].[/]       : Initializing Spring embedded WebApplicationContext
2019-12-15 04:44:09.468  INFO 20096 --- [main] o.s.web.context.ContextLoader            : Root WebApplicationContext: initialization completed in 1812 ms
2019-12-15 04:44:09.698  INFO 20096 --- [main] o.s.s.concurrent.ThreadPoolTaskExecutor  : Initializing ExecutorService 'applicationTaskExecutor'
2019-12-15 04:44:09.883  INFO 20096 --- [main] o.s.b.w.embedded.tomcat.TomcatWebServer  : Tomcat started on port(s): 29170 (http) with context path ''
2019-12-15 04:44:09.887  INFO 20096 --- [main] com.pekochu.lynx.Application             : Started Application in 2.742 seconds (JVM running for 3.196)
2019-12-15 04:44:09.890  INFO 20096 --- [main] com.pekochu.lynx.Application             : Alessandra Bot Server initiated
2019-12-15 04:44:11.750  INFO 20096 --- [LynxUbuntuBot Telegram Executor] com.pekochu.lynx.bots.Telegram           : Request from Pekochu
2019-12-15 04:45:08.433  INFO 7936 --- [main] com.pekochu.lynx.Application             : Starting Application on Predator with PID 7936 (C:\Users\luisx\MyGit\lynx_chloe_bot\target\classes started by luisx in C:\Users\luisx\MyGit\lynx_chloe_bot)
2019-12-15 04:45:08.437  INFO 7936 --- [main] com.pekochu.lynx.Application             : The following profiles are active: development
2019-12-15 04:45:10.015  INFO 7936 --- [main] o.s.b.w.embedded.tomcat.TomcatWebServer  : Tomcat initialized with port(s): 29170 (http)
2019-12-15 04:45:10.049  INFO 7936 --- [main] o.apache.catalina.core.StandardService   : Starting service [Tomcat]
2019-12-15 04:45:10.049  INFO 7936 --- [main] org.apache.catalina.core.StandardEngine  : Starting Servlet engine: [Apache Tomcat/9.0.24]
2019-12-15 04:45:10.203  INFO 7936 --- [main] o.a.c.c.C.[Tomcat].[localhost].[/]       : Initializing Spring embedded WebApplicationContext
2019-12-15 04:45:10.203  INFO 7936 --- [main] o.s.web.context.ContextLoader            : Root WebApplicationContext: initialization completed in 1708 ms
2019-12-15 04:45:10.428  INFO 7936 --- [main] o.s.s.concurrent.ThreadPoolTaskExecutor  : Initializing ExecutorService 'applicationTaskExecutor'
2019-12-15 04:45:10.618  INFO 7936 --- [main] o.s.b.w.embedded.tomcat.TomcatWebServer  : Tomcat started on port(s): 29170 (http) with context path ''
2019-12-15 04:45:10.622  INFO 7936 --- [main] com.pekochu.lynx.Application             : Started Application in 2.665 seconds (JVM running for 3.106)
2019-12-15 04:45:10.625  INFO 7936 --- [main] com.pekochu.lynx.Application             : Alessandra Bot Server initiated
2019-12-15 04:45:10.626  INFO 7936 --- [main] com.pekochu.lynx.Application             : Telegram token: null
2019-12-15 04:56:27.084  INFO 19292 --- [main] com.pekochu.lynx.Application             : Starting Application on Predator with PID 19292 (C:\Users\luisx\MyGit\lynx_chloe_bot\target\classes started by luisx in C:\Users\luisx\MyGit\lynx_chloe_bot)
2019-12-15 04:56:27.089  INFO 19292 --- [main] com.pekochu.lynx.Application             : The following profiles are active: development
2019-12-15 04:56:29.139  INFO 19292 --- [main] o.s.b.w.embedded.tomcat.TomcatWebServer  : Tomcat initialized with port(s): 29170 (http)
2019-12-15 04:56:29.171  INFO 19292 --- [main] o.apache.catalina.core.StandardService   : Starting service [Tomcat]
2019-12-15 04:56:29.172  INFO 19292 --- [main] org.apache.catalina.core.StandardEngine  : Starting Servlet engine: [Apache Tomcat/9.0.24]
2019-12-15 04:56:29.322  INFO 19292 --- [main] o.a.c.c.C.[Tomcat].[localhost].[/]       : Initializing Spring embedded WebApplicationContext
2019-12-15 04:56:29.322  INFO 19292 --- [main] o.s.web.context.ContextLoader            : Root WebApplicationContext: initialization completed in 2164 ms
2019-12-15 04:56:29.549  INFO 19292 --- [main] o.s.s.concurrent.ThreadPoolTaskExecutor  : Initializing ExecutorService 'applicationTaskExecutor'
2019-12-15 04:56:29.767  INFO 19292 --- [main] o.s.b.w.embedded.tomcat.TomcatWebServer  : Tomcat started on port(s): 29170 (http) with context path ''
2019-12-15 04:56:29.772  INFO 19292 --- [main] com.pekochu.lynx.Application             : Started Application in 3.194 seconds (JVM running for 3.677)
2019-12-15 04:56:29.776  INFO 19292 --- [main] com.pekochu.lynx.Application             : Alessandra Bot Server initiated
2019-12-15 04:56:29.777  INFO 19292 --- [main] com.pekochu.lynx.Application             : Telegram token: null
2019-12-15 04:56:30.974 ERROR 19292 --- [main] com.pekochu.lynx.Application             : Error removing old webhook

org.telegram.telegrambots.meta.exceptions.TelegramApiRequestException: Error removing old webhook
	at org.telegram.telegrambots.util.WebhookUtils.clearWebhook(WebhookUtils.java:79) ~[telegrambots-4.4.0.1.jar:na]
	at org.telegram.telegrambots.bots.TelegramLongPollingBot.clearWebhook(TelegramLongPollingBot.java:25) ~[telegrambots-4.4.0.1.jar:na]
	at org.telegram.telegrambots.meta.TelegramBotsApi.registerBot(TelegramBotsApi.java:120) ~[telegrambots-meta-4.4.0.1.jar:na]
	at com.pekochu.lynx.Application.main(Application.java:29) ~[classes/:na]
Caused by: org.telegram.telegrambots.meta.exceptions.TelegramApiRequestException: Error deleting webhook
	at org.telegram.telegrambots.meta.api.methods.updates.DeleteWebhook.deserializeResponse(DeleteWebhook.java:39) ~[telegrambots-meta-4.4.0.1.jar:na]
	at org.telegram.telegrambots.meta.api.methods.updates.DeleteWebhook.deserializeResponse(DeleteWebhook.java:18) ~[telegrambots-meta-4.4.0.1.jar:na]
	at org.telegram.telegrambots.bots.DefaultAbsSender.sendApiMethod(DefaultAbsSender.java:715) ~[telegrambots-4.4.0.1.jar:na]
	at org.telegram.telegrambots.meta.bots.AbsSender.execute(AbsSender.java:47) ~[telegrambots-meta-4.4.0.1.jar:na]
	at org.telegram.telegrambots.util.WebhookUtils.clearWebhook(WebhookUtils.java:74) ~[telegrambots-4.4.0.1.jar:na]
	... 3 common frames omitted

2019-12-15 05:02:39.675  INFO 18488 --- [main] com.pekochu.lynx.Application             : Starting Application on Predator with PID 18488 (C:\Users\luisx\MyGit\lynx_chloe_bot\target\classes started by luisx in C:\Users\luisx\MyGit\lynx_chloe_bot)
2019-12-15 05:02:39.678  INFO 18488 --- [main] com.pekochu.lynx.Application             : The following profiles are active: development
2019-12-15 05:02:41.318  INFO 18488 --- [main] o.s.b.w.embedded.tomcat.TomcatWebServer  : Tomcat initialized with port(s): 29170 (http)
2019-12-15 05:02:41.348  INFO 18488 --- [main] o.apache.catalina.core.StandardService   : Starting service [Tomcat]
2019-12-15 05:02:41.348  INFO 18488 --- [main] org.apache.catalina.core.StandardEngine  : Starting Servlet engine: [Apache Tomcat/9.0.24]
2019-12-15 05:02:41.482  INFO 18488 --- [main] o.a.c.c.C.[Tomcat].[localhost].[/]       : Initializing Spring embedded WebApplicationContext
2019-12-15 05:02:41.482  INFO 18488 --- [main] o.s.web.context.ContextLoader            : Root WebApplicationContext: initialization completed in 1759 ms
2019-12-15 05:02:41.708  INFO 18488 --- [main] o.s.s.concurrent.ThreadPoolTaskExecutor  : Initializing ExecutorService 'applicationTaskExecutor'
2019-12-15 05:02:41.918  INFO 18488 --- [main] o.s.b.w.embedded.tomcat.TomcatWebServer  : Tomcat started on port(s): 29170 (http) with context path ''
2019-12-15 05:02:41.924  INFO 18488 --- [main] com.pekochu.lynx.Application             : Started Application in 2.691 seconds (JVM running for 3.094)
2019-12-15 05:02:41.930  INFO 18488 --- [main] com.pekochu.lynx.Application             : Alessandra Bot Server initiated
2019-12-15 05:02:41.938  INFO 18488 --- [main] com.pekochu.lynx.Application             : Telegram token: null
2019-12-15 05:03:04.254 ERROR 18488 --- [main] com.pekochu.lynx.Application             : Error removing old webhook

org.telegram.telegrambots.meta.exceptions.TelegramApiRequestException: Error removing old webhook
	at org.telegram.telegrambots.util.WebhookUtils.clearWebhook(WebhookUtils.java:79) ~[telegrambots-4.4.0.1.jar:na]
	at org.telegram.telegrambots.bots.TelegramLongPollingBot.clearWebhook(TelegramLongPollingBot.java:25) ~[telegrambots-4.4.0.1.jar:na]
	at org.telegram.telegrambots.meta.TelegramBotsApi.registerBot(TelegramBotsApi.java:120) ~[telegrambots-meta-4.4.0.1.jar:na]
	at com.pekochu.lynx.Application.main(Application.java:29) ~[classes/:na]
Caused by: org.telegram.telegrambots.meta.exceptions.TelegramApiRequestException: Error deleting webhook
	at org.telegram.telegrambots.meta.api.methods.updates.DeleteWebhook.deserializeResponse(DeleteWebhook.java:39) ~[telegrambots-meta-4.4.0.1.jar:na]
	at org.telegram.telegrambots.meta.api.methods.updates.DeleteWebhook.deserializeResponse(DeleteWebhook.java:18) ~[telegrambots-meta-4.4.0.1.jar:na]
	at org.telegram.telegrambots.bots.DefaultAbsSender.sendApiMethod(DefaultAbsSender.java:715) ~[telegrambots-4.4.0.1.jar:na]
	at org.telegram.telegrambots.meta.bots.AbsSender.execute(AbsSender.java:47) ~[telegrambots-meta-4.4.0.1.jar:na]
	at org.telegram.telegrambots.util.WebhookUtils.clearWebhook(WebhookUtils.java:74) ~[telegrambots-4.4.0.1.jar:na]
	... 3 common frames omitted

2019-12-15 05:06:12.282  INFO 13376 --- [main] com.pekochu.lynx.Application             : Starting Application on Predator with PID 13376 (C:\Users\luisx\MyGit\lynx_chloe_bot\target\classes started by luisx in C:\Users\luisx\MyGit\lynx_chloe_bot)
2019-12-15 05:06:12.285  INFO 13376 --- [main] com.pekochu.lynx.Application             : The following profiles are active: development
2019-12-15 05:06:13.929  INFO 13376 --- [main] o.s.b.w.embedded.tomcat.TomcatWebServer  : Tomcat initialized with port(s): 29170 (http)
2019-12-15 05:06:13.958  INFO 13376 --- [main] o.apache.catalina.core.StandardService   : Starting service [Tomcat]
2019-12-15 05:06:13.958  INFO 13376 --- [main] org.apache.catalina.core.StandardEngine  : Starting Servlet engine: [Apache Tomcat/9.0.24]
2019-12-15 05:06:14.110  INFO 13376 --- [main] o.a.c.c.C.[Tomcat].[localhost].[/]       : Initializing Spring embedded WebApplicationContext
2019-12-15 05:06:14.110  INFO 13376 --- [main] o.s.web.context.ContextLoader            : Root WebApplicationContext: initialization completed in 1767 ms
2019-12-15 05:06:14.339  INFO 13376 --- [main] o.s.s.concurrent.ThreadPoolTaskExecutor  : Initializing ExecutorService 'applicationTaskExecutor'
2019-12-15 05:06:14.527  INFO 13376 --- [main] o.s.b.w.embedded.tomcat.TomcatWebServer  : Tomcat started on port(s): 29170 (http) with context path ''
2019-12-15 05:06:14.532  INFO 13376 --- [main] com.pekochu.lynx.Application             : Started Application in 2.735 seconds (JVM running for 3.193)
2019-12-15 05:06:14.536  INFO 13376 --- [main] com.pekochu.lynx.Application             : Alessandra Bot Server initiated
2019-12-15 05:06:14.536  INFO 13376 --- [main] com.pekochu.lynx.Application             : Telegram token: null
2019-12-15 05:06:15.796 ERROR 13376 --- [main] com.pekochu.lynx.Application             : Error removing old webhook

org.telegram.telegrambots.meta.exceptions.TelegramApiRequestException: Error removing old webhook
	at org.telegram.telegrambots.util.WebhookUtils.clearWebhook(WebhookUtils.java:79) ~[telegrambots-4.4.0.1.jar:na]
	at org.telegram.telegrambots.bots.TelegramLongPollingBot.clearWebhook(TelegramLongPollingBot.java:25) ~[telegrambots-4.4.0.1.jar:na]
	at org.telegram.telegrambots.meta.TelegramBotsApi.registerBot(TelegramBotsApi.java:120) ~[telegrambots-meta-4.4.0.1.jar:na]
	at com.pekochu.lynx.Application.main(Application.java:31) ~[classes/:na]
Caused by: org.telegram.telegrambots.meta.exceptions.TelegramApiRequestException: Error deleting webhook
	at org.telegram.telegrambots.meta.api.methods.updates.DeleteWebhook.deserializeResponse(DeleteWebhook.java:39) ~[telegrambots-meta-4.4.0.1.jar:na]
	at org.telegram.telegrambots.meta.api.methods.updates.DeleteWebhook.deserializeResponse(DeleteWebhook.java:18) ~[telegrambots-meta-4.4.0.1.jar:na]
	at org.telegram.telegrambots.bots.DefaultAbsSender.sendApiMethod(DefaultAbsSender.java:715) ~[telegrambots-4.4.0.1.jar:na]
	at org.telegram.telegrambots.meta.bots.AbsSender.execute(AbsSender.java:47) ~[telegrambots-meta-4.4.0.1.jar:na]
	at org.telegram.telegrambots.util.WebhookUtils.clearWebhook(WebhookUtils.java:74) ~[telegrambots-4.4.0.1.jar:na]
	... 3 common frames omitted

2019-12-15 05:08:12.295  INFO 5292 --- [main] com.pekochu.lynx.Application             : Starting Application on Predator with PID 5292 (C:\Users\luisx\MyGit\lynx_chloe_bot\target\classes started by luisx in C:\Users\luisx\MyGit\lynx_chloe_bot)
2019-12-15 05:08:12.299  INFO 5292 --- [main] com.pekochu.lynx.Application             : The following profiles are active: development
2019-12-15 05:08:13.919  INFO 5292 --- [main] o.s.b.w.embedded.tomcat.TomcatWebServer  : Tomcat initialized with port(s): 29170 (http)
2019-12-15 05:08:13.954  INFO 5292 --- [main] o.apache.catalina.core.StandardService   : Starting service [Tomcat]
2019-12-15 05:08:13.954  INFO 5292 --- [main] org.apache.catalina.core.StandardEngine  : Starting Servlet engine: [Apache Tomcat/9.0.24]
2019-12-15 05:08:14.116  INFO 5292 --- [main] o.a.c.c.C.[Tomcat].[localhost].[/]       : Initializing Spring embedded WebApplicationContext
2019-12-15 05:08:14.116  INFO 5292 --- [main] o.s.web.context.ContextLoader            : Root WebApplicationContext: initialization completed in 1766 ms
2019-12-15 05:08:14.335  INFO 5292 --- [main] o.s.s.concurrent.ThreadPoolTaskExecutor  : Initializing ExecutorService 'applicationTaskExecutor'
2019-12-15 05:08:14.518  INFO 5292 --- [main] o.s.b.w.embedded.tomcat.TomcatWebServer  : Tomcat started on port(s): 29170 (http) with context path ''
2019-12-15 05:08:14.522  INFO 5292 --- [main] com.pekochu.lynx.Application             : Started Application in 2.701 seconds (JVM running for 3.141)
2019-12-15 05:08:14.524  INFO 5292 --- [main] com.pekochu.lynx.Application             : Alessandra Bot Server initiated
2019-12-15 05:08:14.524  INFO 5292 --- [main] com.pekochu.lynx.Application             : Telegram token: null
2019-12-15 05:08:16.208 ERROR 5292 --- [main] com.pekochu.lynx.Application             : Error removing old webhook

org.telegram.telegrambots.meta.exceptions.TelegramApiRequestException: Error removing old webhook
	at org.telegram.telegrambots.util.WebhookUtils.clearWebhook(WebhookUtils.java:79) ~[telegrambots-4.4.0.1.jar:na]
	at org.telegram.telegrambots.bots.TelegramLongPollingBot.clearWebhook(TelegramLongPollingBot.java:25) ~[telegrambots-4.4.0.1.jar:na]
	at org.telegram.telegrambots.meta.TelegramBotsApi.registerBot(TelegramBotsApi.java:120) ~[telegrambots-meta-4.4.0.1.jar:na]
	at com.pekochu.lynx.Application.main(Application.java:31) ~[classes/:na]
Caused by: org.telegram.telegrambots.meta.exceptions.TelegramApiRequestException: Error deleting webhook
	at org.telegram.telegrambots.meta.api.methods.updates.DeleteWebhook.deserializeResponse(DeleteWebhook.java:39) ~[telegrambots-meta-4.4.0.1.jar:na]
	at org.telegram.telegrambots.meta.api.methods.updates.DeleteWebhook.deserializeResponse(DeleteWebhook.java:18) ~[telegrambots-meta-4.4.0.1.jar:na]
	at org.telegram.telegrambots.bots.DefaultAbsSender.sendApiMethod(DefaultAbsSender.java:715) ~[telegrambots-4.4.0.1.jar:na]
	at org.telegram.telegrambots.meta.bots.AbsSender.execute(AbsSender.java:47) ~[telegrambots-meta-4.4.0.1.jar:na]
	at org.telegram.telegrambots.util.WebhookUtils.clearWebhook(WebhookUtils.java:74) ~[telegrambots-4.4.0.1.jar:na]
	... 3 common frames omitted

2019-12-15 05:10:21.439  INFO 21244 --- [main] com.pekochu.lynx.Application             : Starting Application on Predator with PID 21244 (C:\Users\luisx\MyGit\lynx_chloe_bot\target\classes started by luisx in C:\Users\luisx\MyGit\lynx_chloe_bot)
2019-12-15 05:10:21.442  INFO 21244 --- [main] com.pekochu.lynx.Application             : The following profiles are active: development
2019-12-15 05:10:23.159  INFO 21244 --- [main] o.s.b.w.embedded.tomcat.TomcatWebServer  : Tomcat initialized with port(s): 29170 (http)
2019-12-15 05:10:23.189  INFO 21244 --- [main] o.apache.catalina.core.StandardService   : Starting service [Tomcat]
2019-12-15 05:10:23.190  INFO 21244 --- [main] org.apache.catalina.core.StandardEngine  : Starting Servlet engine: [Apache Tomcat/9.0.24]
2019-12-15 05:10:23.338  INFO 21244 --- [main] o.a.c.c.C.[Tomcat].[localhost].[/]       : Initializing Spring embedded WebApplicationContext
2019-12-15 05:10:23.338  INFO 21244 --- [main] o.s.web.context.ContextLoader            : Root WebApplicationContext: initialization completed in 1844 ms
2019-12-15 05:10:23.560  INFO 21244 --- [main] o.s.s.concurrent.ThreadPoolTaskExecutor  : Initializing ExecutorService 'applicationTaskExecutor'
2019-12-15 05:10:23.745  INFO 21244 --- [main] o.s.b.w.embedded.tomcat.TomcatWebServer  : Tomcat started on port(s): 29170 (http) with context path ''
2019-12-15 05:10:23.749  INFO 21244 --- [main] com.pekochu.lynx.Application             : Started Application in 2.77 seconds (JVM running for 3.191)
2019-12-15 05:10:23.753  INFO 21244 --- [main] com.pekochu.lynx.Application             : Alessandra Bot Server initiated
2019-12-15 05:10:23.753  INFO 21244 --- [main] com.pekochu.lynx.Application             : Telegram token: null
2019-12-15 05:10:24.952 ERROR 21244 --- [main] com.pekochu.lynx.Application             : Error removing old webhook

org.telegram.telegrambots.meta.exceptions.TelegramApiRequestException: Error removing old webhook
	at org.telegram.telegrambots.util.WebhookUtils.clearWebhook(WebhookUtils.java:79) ~[telegrambots-4.4.0.1.jar:na]
	at org.telegram.telegrambots.bots.TelegramLongPollingBot.clearWebhook(TelegramLongPollingBot.java:25) ~[telegrambots-4.4.0.1.jar:na]
	at org.telegram.telegrambots.meta.TelegramBotsApi.registerBot(TelegramBotsApi.java:120) ~[telegrambots-meta-4.4.0.1.jar:na]
	at com.pekochu.lynx.Application.main(Application.java:30) ~[classes/:na]
Caused by: org.telegram.telegrambots.meta.exceptions.TelegramApiRequestException: Error deleting webhook
	at org.telegram.telegrambots.meta.api.methods.updates.DeleteWebhook.deserializeResponse(DeleteWebhook.java:39) ~[telegrambots-meta-4.4.0.1.jar:na]
	at org.telegram.telegrambots.meta.api.methods.updates.DeleteWebhook.deserializeResponse(DeleteWebhook.java:18) ~[telegrambots-meta-4.4.0.1.jar:na]
	at org.telegram.telegrambots.bots.DefaultAbsSender.sendApiMethod(DefaultAbsSender.java:715) ~[telegrambots-4.4.0.1.jar:na]
	at org.telegram.telegrambots.meta.bots.AbsSender.execute(AbsSender.java:47) ~[telegrambots-meta-4.4.0.1.jar:na]
	at org.telegram.telegrambots.util.WebhookUtils.clearWebhook(WebhookUtils.java:74) ~[telegrambots-4.4.0.1.jar:na]
	... 3 common frames omitted

2019-12-15 05:12:22.044  INFO 23236 --- [main] com.pekochu.lynx.Application             : Starting Application on Predator with PID 23236 (C:\Users\luisx\MyGit\lynx_chloe_bot\target\classes started by luisx in C:\Users\luisx\MyGit\lynx_chloe_bot)
2019-12-15 05:12:22.048  INFO 23236 --- [main] com.pekochu.lynx.Application             : The following profiles are active: development
2019-12-15 05:12:23.690  INFO 23236 --- [main] o.s.b.w.embedded.tomcat.TomcatWebServer  : Tomcat initialized with port(s): 29170 (http)
2019-12-15 05:12:23.721  INFO 23236 --- [main] o.apache.catalina.core.StandardService   : Starting service [Tomcat]
2019-12-15 05:12:23.722  INFO 23236 --- [main] org.apache.catalina.core.StandardEngine  : Starting Servlet engine: [Apache Tomcat/9.0.24]
2019-12-15 05:12:23.874  INFO 23236 --- [main] o.a.c.c.C.[Tomcat].[localhost].[/]       : Initializing Spring embedded WebApplicationContext
2019-12-15 05:12:23.874  INFO 23236 --- [main] o.s.web.context.ContextLoader            : Root WebApplicationContext: initialization completed in 1771 ms
2019-12-15 05:12:24.096  INFO 23236 --- [main] o.s.s.concurrent.ThreadPoolTaskExecutor  : Initializing ExecutorService 'applicationTaskExecutor'
2019-12-15 05:12:24.280  INFO 23236 --- [main] o.s.b.w.embedded.tomcat.TomcatWebServer  : Tomcat started on port(s): 29170 (http) with context path ''
2019-12-15 05:12:24.285  INFO 23236 --- [main] com.pekochu.lynx.Application             : Started Application in 2.754 seconds (JVM running for 3.205)
2019-12-15 05:12:24.288  INFO 23236 --- [main] com.pekochu.lynx.Application             : Alessandra Bot Server initiated
2019-12-15 05:16:20.708  INFO 7332 --- [main] com.pekochu.lynx.Application             : Starting Application on Predator with PID 7332 (C:\Users\luisx\MyGit\lynx_chloe_bot\target\classes started by luisx in C:\Users\luisx\MyGit\lynx_chloe_bot)
2019-12-15 05:16:20.712  INFO 7332 --- [main] com.pekochu.lynx.Application             : The following profiles are active: development
2019-12-15 05:16:22.416  INFO 7332 --- [main] o.s.b.w.embedded.tomcat.TomcatWebServer  : Tomcat initialized with port(s): 29170 (http)
2019-12-15 05:16:22.448  INFO 7332 --- [main] o.apache.catalina.core.StandardService   : Starting service [Tomcat]
2019-12-15 05:16:22.449  INFO 7332 --- [main] org.apache.catalina.core.StandardEngine  : Starting Servlet engine: [Apache Tomcat/9.0.24]
2019-12-15 05:16:22.594  INFO 7332 --- [main] o.a.c.c.C.[Tomcat].[localhost].[/]       : Initializing Spring embedded WebApplicationContext
2019-12-15 05:16:22.594  INFO 7332 --- [main] o.s.web.context.ContextLoader            : Root WebApplicationContext: initialization completed in 1827 ms
2019-12-15 05:16:23.166  INFO 7332 --- [main] o.s.s.concurrent.ThreadPoolTaskExecutor  : Initializing ExecutorService 'applicationTaskExecutor'
2019-12-15 05:16:23.353  INFO 7332 --- [main] o.s.b.w.embedded.tomcat.TomcatWebServer  : Tomcat started on port(s): 29170 (http) with context path ''
2019-12-15 05:16:23.358  INFO 7332 --- [main] com.pekochu.lynx.Application             : Started Application in 3.112 seconds (JVM running for 3.567)
2019-12-15 05:16:23.362  INFO 7332 --- [main] com.pekochu.lynx.Application             : Alessandra Bot Server initiated
2019-12-15 05:16:38.263  INFO 12836 --- [main] com.pekochu.lynx.Application             : Starting Application on Predator with PID 12836 (C:\Users\luisx\MyGit\lynx_chloe_bot\target\classes started by luisx in C:\Users\luisx\MyGit\lynx_chloe_bot)
2019-12-15 05:16:38.267  INFO 12836 --- [main] com.pekochu.lynx.Application             : The following profiles are active: development
2019-12-15 05:16:39.916  INFO 12836 --- [main] o.s.b.w.embedded.tomcat.TomcatWebServer  : Tomcat initialized with port(s): 29170 (http)
2019-12-15 05:16:39.947  INFO 12836 --- [main] o.apache.catalina.core.StandardService   : Starting service [Tomcat]
2019-12-15 05:16:39.949  INFO 12836 --- [main] org.apache.catalina.core.StandardEngine  : Starting Servlet engine: [Apache Tomcat/9.0.24]
2019-12-15 05:16:40.106  INFO 12836 --- [main] o.a.c.c.C.[Tomcat].[localhost].[/]       : Initializing Spring embedded WebApplicationContext
2019-12-15 05:16:40.107  INFO 12836 --- [main] o.s.web.context.ContextLoader            : Root WebApplicationContext: initialization completed in 1785 ms
2019-12-15 05:16:40.708  INFO 12836 --- [main] o.s.s.concurrent.ThreadPoolTaskExecutor  : Initializing ExecutorService 'applicationTaskExecutor'
2019-12-15 05:16:40.898  INFO 12836 --- [main] o.s.b.w.embedded.tomcat.TomcatWebServer  : Tomcat started on port(s): 29170 (http) with context path ''
2019-12-15 05:16:40.903  INFO 12836 --- [main] com.pekochu.lynx.Application             : Started Application in 3.139 seconds (JVM running for 3.62)
2019-12-15 05:16:40.906  INFO 12836 --- [main] com.pekochu.lynx.Application             : Alessandra Bot Server initiated
2019-12-15 05:17:43.757  INFO 20424 --- [main] com.pekochu.lynx.Application             : Starting Application on Predator with PID 20424 (C:\Users\luisx\MyGit\lynx_chloe_bot\target\classes started by luisx in C:\Users\luisx\MyGit\lynx_chloe_bot)
2019-12-15 05:17:43.761  INFO 20424 --- [main] com.pekochu.lynx.Application             : The following profiles are active: development
2019-12-15 05:17:45.485  INFO 20424 --- [main] o.s.b.w.embedded.tomcat.TomcatWebServer  : Tomcat initialized with port(s): 29170 (http)
2019-12-15 05:17:45.512  INFO 20424 --- [main] o.apache.catalina.core.StandardService   : Starting service [Tomcat]
2019-12-15 05:17:45.512  INFO 20424 --- [main] org.apache.catalina.core.StandardEngine  : Starting Servlet engine: [Apache Tomcat/9.0.24]
2019-12-15 05:17:45.675  INFO 20424 --- [main] o.a.c.c.C.[Tomcat].[localhost].[/]       : Initializing Spring embedded WebApplicationContext
2019-12-15 05:17:45.675  INFO 20424 --- [main] o.s.web.context.ContextLoader            : Root WebApplicationContext: initialization completed in 1864 ms
2019-12-15 05:17:46.235  INFO 20424 --- [main] o.s.s.concurrent.ThreadPoolTaskExecutor  : Initializing ExecutorService 'applicationTaskExecutor'
2019-12-15 05:17:46.418  INFO 20424 --- [main] o.s.b.w.embedded.tomcat.TomcatWebServer  : Tomcat started on port(s): 29170 (http) with context path ''
2019-12-15 05:17:46.423  INFO 20424 --- [main] com.pekochu.lynx.Application             : Started Application in 3.118 seconds (JVM running for 3.555)
2019-12-15 05:17:46.425  INFO 20424 --- [main] com.pekochu.lynx.Application             : Alessandra Bot Server initiated
2019-12-15 05:20:18.655  INFO 13928 --- [main] com.pekochu.lynx.Application             : Starting Application on Predator with PID 13928 (C:\Users\luisx\MyGit\lynx_chloe_bot\target\classes started by luisx in C:\Users\luisx\MyGit\lynx_chloe_bot)
2019-12-15 05:20:18.659  INFO 13928 --- [main] com.pekochu.lynx.Application             : The following profiles are active: development
2019-12-15 05:20:20.260  INFO 13928 --- [main] o.s.b.w.embedded.tomcat.TomcatWebServer  : Tomcat initialized with port(s): 29170 (http)
2019-12-15 05:20:20.296  INFO 13928 --- [main] o.apache.catalina.core.StandardService   : Starting service [Tomcat]
2019-12-15 05:20:20.296  INFO 13928 --- [main] org.apache.catalina.core.StandardEngine  : Starting Servlet engine: [Apache Tomcat/9.0.24]
2019-12-15 05:20:20.454  INFO 13928 --- [main] o.a.c.c.C.[Tomcat].[localhost].[/]       : Initializing Spring embedded WebApplicationContext
2019-12-15 05:20:20.454  INFO 13928 --- [main] o.s.web.context.ContextLoader            : Root WebApplicationContext: initialization completed in 1745 ms
2019-12-15 05:20:20.710  INFO 13928 --- [main] o.s.s.concurrent.ThreadPoolTaskExecutor  : Initializing ExecutorService 'applicationTaskExecutor'
2019-12-15 05:20:20.898  INFO 13928 --- [main] o.s.b.w.embedded.tomcat.TomcatWebServer  : Tomcat started on port(s): 29170 (http) with context path ''
2019-12-15 05:20:20.902  INFO 13928 --- [main] com.pekochu.lynx.Application             : Started Application in 2.744 seconds (JVM running for 3.191)
2019-12-15 05:20:20.905  INFO 13928 --- [main] com.pekochu.lynx.Application             : Alessandra Bot Server initiated
2019-12-15 05:20:30.633  INFO 13928 --- [LynxUbuntuBot Telegram Executor] com.pekochu.lynx.bots.Telegram           : Request from Pekochu
2019-12-15 05:21:46.605  INFO 4896 --- [main] com.pekochu.lynx.Application             : Starting Application on Predator with PID 4896 (C:\Users\luisx\MyGit\lynx_chloe_bot\target\classes started by luisx in C:\Users\luisx\MyGit\lynx_chloe_bot)
2019-12-15 05:21:46.610  INFO 4896 --- [main] com.pekochu.lynx.Application             : The following profiles are active: development
2019-12-15 05:21:48.295  INFO 4896 --- [main] o.s.b.w.embedded.tomcat.TomcatWebServer  : Tomcat initialized with port(s): 29170 (http)
2019-12-15 05:21:48.327  INFO 4896 --- [main] o.apache.catalina.core.StandardService   : Starting service [Tomcat]
2019-12-15 05:21:48.327  INFO 4896 --- [main] org.apache.catalina.core.StandardEngine  : Starting Servlet engine: [Apache Tomcat/9.0.24]
2019-12-15 05:21:48.462  INFO 4896 --- [main] o.a.c.c.C.[Tomcat].[localhost].[/]       : Initializing Spring embedded WebApplicationContext
2019-12-15 05:21:48.462  INFO 4896 --- [main] o.s.web.context.ContextLoader            : Root WebApplicationContext: initialization completed in 1776 ms
2019-12-15 05:21:48.677  INFO 4896 --- [main] o.s.s.concurrent.ThreadPoolTaskExecutor  : Initializing ExecutorService 'applicationTaskExecutor'
2019-12-15 05:21:48.867  INFO 4896 --- [main] o.s.b.w.embedded.tomcat.TomcatWebServer  : Tomcat started on port(s): 29170 (http) with context path ''
2019-12-15 05:21:48.871  INFO 4896 --- [main] com.pekochu.lynx.Application             : Started Application in 2.713 seconds (JVM running for 3.144)
2019-12-15 05:21:48.874  INFO 4896 --- [main] com.pekochu.lynx.Application             : Alessandra Bot Server initiated
2019-12-15 05:21:52.266  INFO 4896 --- [LynxUbuntuBot Telegram Executor] com.pekochu.lynx.bots.Telegram           : Request from Pekochu
2019-12-15 05:34:12.531  INFO 14024 --- [main] com.pekochu.lynx.Application             : Starting Application on Predator with PID 14024 (C:\Users\luisx\MyGit\lynx_chloe_bot\target\classes started by luisx in C:\Users\luisx\MyGit\lynx_chloe_bot)
2019-12-15 05:34:12.534  INFO 14024 --- [main] com.pekochu.lynx.Application             : The following profiles are active: development
2019-12-15 05:34:14.165  INFO 14024 --- [main] o.s.b.w.embedded.tomcat.TomcatWebServer  : Tomcat initialized with port(s): 29170 (http)
2019-12-15 05:34:14.196  INFO 14024 --- [main] o.apache.catalina.core.StandardService   : Starting service [Tomcat]
2019-12-15 05:34:14.197  INFO 14024 --- [main] org.apache.catalina.core.StandardEngine  : Starting Servlet engine: [Apache Tomcat/9.0.24]
2019-12-15 05:34:14.326  INFO 14024 --- [main] o.a.c.c.C.[Tomcat].[localhost].[/]       : Initializing Spring embedded WebApplicationContext
2019-12-15 05:34:14.326  INFO 14024 --- [main] o.s.web.context.ContextLoader            : Root WebApplicationContext: initialization completed in 1749 ms
2019-12-15 05:34:14.535  INFO 14024 --- [main] o.s.s.concurrent.ThreadPoolTaskExecutor  : Initializing ExecutorService 'applicationTaskExecutor'
2019-12-15 05:34:14.734  INFO 14024 --- [main] o.s.b.w.embedded.tomcat.TomcatWebServer  : Tomcat started on port(s): 29170 (http) with context path ''
2019-12-15 05:34:14.740  INFO 14024 --- [main] com.pekochu.lynx.Application             : Started Application in 2.667 seconds (JVM running for 3.099)
2019-12-15 05:34:14.744  INFO 14024 --- [main] com.pekochu.lynx.Application             : Alessandra Bot Server initiated
2019-12-15 05:34:17.477  INFO 14024 --- [LynxUbuntuBot Telegram Executor] com.pekochu.lynx.bots.Telegram           : Request from Pekochu
2019-12-15 05:34:17.485 ERROR 14024 --- [LynxUbuntuBot Telegram Executor] o.t.t.u.DefaultBotSession                : begin 1, end -1, length 6

java.lang.StringIndexOutOfBoundsException: begin 1, end -1, length 6
	at java.base/java.lang.String.checkBoundsBeginEnd(String.java:3410) ~[na:na]
	at java.base/java.lang.String.substring(String.java:1883) ~[na:na]
	at com.pekochu.lynx.bots.Telegram.onUpdateReceived(Telegram.java:52) ~[classes/:na]
	at java.base/java.util.ArrayList.forEach(ArrayList.java:1540) ~[na:na]
	at org.telegram.telegrambots.meta.generics.LongPollingBot.onUpdatesReceived(LongPollingBot.java:27) ~[telegrambots-meta-4.4.0.1.jar:na]
	at org.telegram.telegrambots.updatesreceivers.DefaultBotSession$HandlerThread.run(DefaultBotSession.java:307) ~[telegrambots-4.4.0.1.jar:na]

2019-12-15 05:35:33.346  INFO 20660 --- [main] com.pekochu.lynx.Application             : Starting Application on Predator with PID 20660 (C:\Users\luisx\MyGit\lynx_chloe_bot\target\classes started by luisx in C:\Users\luisx\MyGit\lynx_chloe_bot)
2019-12-15 05:35:33.350  INFO 20660 --- [main] com.pekochu.lynx.Application             : The following profiles are active: development
2019-12-15 05:35:35.043  INFO 20660 --- [main] o.s.b.w.embedded.tomcat.TomcatWebServer  : Tomcat initialized with port(s): 29170 (http)
2019-12-15 05:35:35.071  INFO 20660 --- [main] o.apache.catalina.core.StandardService   : Starting service [Tomcat]
2019-12-15 05:35:35.072  INFO 20660 --- [main] org.apache.catalina.core.StandardEngine  : Starting Servlet engine: [Apache Tomcat/9.0.24]
2019-12-15 05:35:35.224  INFO 20660 --- [main] o.a.c.c.C.[Tomcat].[localhost].[/]       : Initializing Spring embedded WebApplicationContext
2019-12-15 05:35:35.225  INFO 20660 --- [main] o.s.web.context.ContextLoader            : Root WebApplicationContext: initialization completed in 1820 ms
2019-12-15 05:35:35.462  INFO 20660 --- [main] o.s.s.concurrent.ThreadPoolTaskExecutor  : Initializing ExecutorService 'applicationTaskExecutor'
2019-12-15 05:35:35.692  INFO 20660 --- [main] o.s.b.w.embedded.tomcat.TomcatWebServer  : Tomcat started on port(s): 29170 (http) with context path ''
2019-12-15 05:35:35.697  INFO 20660 --- [main] com.pekochu.lynx.Application             : Started Application in 2.838 seconds (JVM running for 3.355)
2019-12-15 05:35:35.700  INFO 20660 --- [main] com.pekochu.lynx.Application             : Alessandra Bot Server initiated
2019-12-15 05:35:42.320  INFO 20660 --- [LynxUbuntuBot Telegram Executor] com.pekochu.lynx.bots.Telegram           : Request from Pekochu
2019-12-15 05:35:42.323  INFO 20660 --- [LynxUbuntuBot Telegram Executor] com.pekochu.lynx.bots.Telegram           : Comando: start
2019-12-15 05:35:50.908  INFO 20660 --- [LynxUbuntuBot Telegram Executor] com.pekochu.lynx.bots.Telegram           : Request from Pekochu
2019-12-15 05:35:50.908  INFO 20660 --- [LynxUbuntuBot Telegram Executor] com.pekochu.lynx.bots.Telegram           : Comando: start
2019-12-15 05:36:10.819  INFO 20660 --- [LynxUbuntuBot Telegram Executor] com.pekochu.lynx.bots.Telegram           : Request from Pekochu
2019-12-15 05:36:10.820  INFO 20660 --- [LynxUbuntuBot Telegram Executor] com.pekochu.lynx.bots.Telegram           : Comando: whoami
